<?xml version="1.0" encoding="UTF-8"?>
<testng-results ignored="0" total="3" passed="3" failed="0" skipped="0">
  <reporter-output>
  </reporter-output>
  <suite started-at="2022-08-23T02:38:17 IST" name="Suite" finished-at="2022-08-23T02:38:36 IST" duration-ms="19601">
    <groups>
    </groups>
    <test started-at="2022-08-23T02:38:17 IST" name="Validating User login" finished-at="2022-08-23T02:38:28 IST" duration-ms="11076">
      <class name="com.paraBank.testCases.pages.HomePage">
        <test-method is-config="true" signature="initialize()[pri:0, instance:com.paraBank.testCases.pages.HomePage@1f53a5dc]" started-at="2022-08-23T02:38:17 IST" name="initialize" finished-at="2022-08-23T02:38:18 IST" duration-ms="1578" status="PASS">
          <reporter-output>
          </reporter-output>
        </test-method> <!-- initialize -->
        <test-method signature="basePageNaviagation()[pri:0, instance:com.paraBank.testCases.pages.HomePage@1f53a5dc]" started-at="2022-08-23T02:38:18 IST" name="basePageNaviagation" finished-at="2022-08-23T02:38:28 IST" duration-ms="9469" status="PASS">
          <reporter-output>
          </reporter-output>
        </test-method> <!-- basePageNaviagation -->
      </class> <!-- com.paraBank.testCases.pages.HomePage -->
    </test> <!-- Validating User login -->
    <test started-at="2022-08-23T02:38:28 IST" name="Validating title in the Page" finished-at="2022-08-23T02:38:32 IST" duration-ms="4101">
      <class name="com.paraBank.testCases.pages.validateTitle">
        <test-method is-config="true" signature="initialize()[pri:0, instance:com.paraBank.testCases.pages.validateTitle@1fc32e4f]" started-at="2022-08-23T02:38:28 IST" name="initialize" finished-at="2022-08-23T02:38:32 IST" duration-ms="4005" status="PASS">
          <reporter-output>
          </reporter-output>
        </test-method> <!-- initialize -->
        <test-method signature="validateAppTitle()[pri:0, instance:com.paraBank.testCases.pages.validateTitle@1fc32e4f]" started-at="2022-08-23T02:38:32 IST" name="validateAppTitle" finished-at="2022-08-23T02:38:32 IST" duration-ms="1" status="PASS">
          <reporter-output>
          </reporter-output>
        </test-method> <!-- validateAppTitle -->
        <test-method is-config="true" signature="teardown()[pri:0, instance:com.paraBank.testCases.pages.validateTitle@1fc32e4f]" started-at="2022-08-23T02:38:32 IST" name="teardown" finished-at="2022-08-23T02:38:32 IST" duration-ms="92" status="PASS">
          <reporter-output>
          </reporter-output>
        </test-method> <!-- teardown -->
      </class> <!-- com.paraBank.testCases.pages.validateTitle -->
    </test> <!-- Validating title in the Page -->
    <test started-at="2022-08-23T02:38:32 IST" name="Validating navigation Bar" finished-at="2022-08-23T02:38:36 IST" duration-ms="4215">
      <class name="com.paraBank.testCases.pages.validateNavigationBar">
        <test-method is-config="true" signature="initialize()[pri:0, instance:com.paraBank.testCases.pages.validateNavigationBar@ca30bc1]" started-at="2022-08-23T02:38:32 IST" name="initialize" finished-at="2022-08-23T02:38:36 IST" duration-ms="4163" status="PASS">
          <reporter-output>
          </reporter-output>
        </test-method> <!-- initialize -->
        <test-method signature="validateAppNavBar()[pri:0, instance:com.paraBank.testCases.pages.validateNavigationBar@ca30bc1]" started-at="2022-08-23T02:38:36 IST" name="validateAppNavBar" finished-at="2022-08-23T02:38:36 IST" duration-ms="1" status="PASS">
          <reporter-output>
          </reporter-output>
        </test-method> <!-- validateAppNavBar -->
        <test-method is-config="true" signature="teardown()[pri:0, instance:com.paraBank.testCases.pages.validateNavigationBar@ca30bc1]" started-at="2022-08-23T02:38:36 IST" name="teardown" finished-at="2022-08-23T02:38:36 IST" duration-ms="49" status="PASS">
          <reporter-output>
          </reporter-output>
        </test-method> <!-- teardown -->
      </class> <!-- com.paraBank.testCases.pages.validateNavigationBar -->
    </test> <!-- Validating navigation Bar -->
  </suite> <!-- Suite -->
</testng-results>
